# JRE version: OpenJDK Runtime Environment JBR-17.0.12+1-1087.25-nomod (17.0.12+1) (build 17.0.12+1-b1087.25)
# Java VM: OpenJDK 64-Bit Server VM JBR-17.0.12+1-1087.25-nomod (17.0.12+1-b1087.25, mixed mode, tiered, compressed oops, compressed class ptrs, g1 gc, windows-amd64)
GC Precious Log:
 CPUs: 12 total, 12 available
 Memory: 16085M
 Large Page Support: Disabled
 NUMA Support: Disabled
 Compressed Oops: Enabled (Zero based)
 Heap Region Size: 2M
 Heap Min Capacity: 8M
 Heap Initial Capacity: 252M
 Heap Max Capacity: 4022M
 Pre-touch: Disabled
 Parallel Workers: 10
 Concurrent Workers: 3
 Concurrent Refinement Workers: 10
 Periodic GC: Disabled
Heap:
 garbage-first heap   total 116736K, used 70962K [0x0000000704a00000, 0x0000000800000000)
  region size 2048K, 6 young (12288K), 3 survivors (6144K)
 Metaspace       used 35001K, committed 35264K, reserved 1114112K
  class space    used 4472K, committed 4608K, reserved 1048576K
GC Heap History (14 events):
Event: 0.424 GC heap before
{Heap before GC invocations=0 (full 0):
 garbage-first heap   total 258048K, used 20480K [0x0000000704a00000, 0x0000000800000000)
  region size 2048K, 11 young (22528K), 0 survivors (0K)
 Metaspace       used 12114K, committed 12352K, reserved 1114112K
  class space    used 1254K, committed 1344K, reserved 1048576K
}
Event: 0.426 GC heap after
{Heap after GC invocations=1 (full 0):
 garbage-first heap   total 258048K, used 3101K [0x0000000704a00000, 0x0000000800000000)
  region size 2048K, 2 young (4096K), 2 survivors (4096K)
 Metaspace       used 12114K, committed 12352K, reserved 1114112K
  class space    used 1254K, committed 1344K, reserved 1048576K
}
Event: 0.882 GC heap before
{Heap before GC invocations=1 (full 0):
 garbage-first heap   total 258048K, used 60445K [0x0000000704a00000, 0x0000000800000000)
  region size 2048K, 20 young (40960K), 2 survivors (4096K)
 Metaspace       used 21325K, committed 21504K, reserved 1114112K
  class space    used 2423K, committed 2496K, reserved 1048576K
}
Event: 0.886 GC heap after
{Heap after GC invocations=2 (full 0):
 garbage-first heap   total 258048K, used 30848K [0x0000000704a00000, 0x0000000800000000)
  region size 2048K, 3 young (6144K), 3 survivors (6144K)
 Metaspace       used 21325K, committed 21504K, reserved 1114112K
  class space    used 2423K, committed 2496K, reserved 1048576K
}
Event: 3.331 GC heap before
{Heap before GC invocations=3 (full 0):
 garbage-first heap   total 116736K, used 84096K [0x0000000704a00000, 0x0000000800000000)
  region size 2048K, 27 young (55296K), 3 survivors (6144K)
 Metaspace       used 31639K, committed 31872K, reserved 1114112K
  class space    used 4178K, committed 4288K, reserved 1048576K
}
Event: 3.336 GC heap after
{Heap after GC invocations=4 (full 0):
 garbage-first heap   total 116736K, used 38442K [0x0000000704a00000, 0x0000000800000000)
  region size 2048K, 4 young (8192K), 4 survivors (8192K)
 Metaspace       used 31639K, committed 31872K, reserved 1114112K
  class space    used 4178K, committed 4288K, reserved 1048576K
}
Event: 3.362 GC heap before
{Heap before GC invocations=4 (full 0):
 garbage-first heap   total 116736K, used 40490K [0x0000000704a00000, 0x0000000800000000)
  region size 2048K, 5 young (10240K), 4 survivors (8192K)
 Metaspace       used 31877K, committed 32128K, reserved 1114112K
  class space    used 4217K, committed 4352K, reserved 1048576K
}
Event: 3.365 GC heap after
{Heap after GC invocations=5 (full 0):
 garbage-first heap   total 116736K, used 40175K [0x0000000704a00000, 0x0000000800000000)
  region size 2048K, 1 young (2048K), 1 survivors (2048K)
 Metaspace       used 31877K, committed 32128K, reserved 1114112K
  class space    used 4217K, committed 4352K, reserved 1048576K
}
Event: 30.397 GC heap before
{Heap before GC invocations=5 (full 0):
 garbage-first heap   total 116736K, used 68847K [0x0000000704a00000, 0x0000000800000000)
  region size 2048K, 11 young (22528K), 1 survivors (2048K)
 Metaspace       used 34322K, committed 34624K, reserved 1114112K
  class space    used 4426K, committed 4608K, reserved 1048576K
}
Event: 30.399 GC heap after
{Heap after GC invocations=6 (full 0):
 garbage-first heap   total 116736K, used 51019K [0x0000000704a00000, 0x0000000800000000)
  region size 2048K, 2 young (4096K), 2 survivors (4096K)
 Metaspace       used 34322K, committed 34624K, reserved 1114112K
  class space    used 4426K, committed 4608K, reserved 1048576K
}
Event: 30.421 GC heap before
{Heap before GC invocations=6 (full 0):
 garbage-first heap   total 116736K, used 61259K [0x0000000704a00000, 0x0000000800000000)
  region size 2048K, 3 young (6144K), 2 survivors (4096K)
 Metaspace       used 34356K, committed 34688K, reserved 1114112K
  class space    used 4426K, committed 4608K, reserved 1048576K
}
Event: 30.424 GC heap after
{Heap after GC invocations=7 (full 0):
 garbage-first heap   total 116736K, used 61187K [0x0000000704a00000, 0x0000000800000000)
  region size 2048K, 2 young (4096K), 2 survivors (4096K)
 Metaspace       used 34356K, committed 34688K, reserved 1114112K
  class space    used 4426K, committed 4608K, reserved 1048576K
}
Event: 37.534 GC heap before
{Heap before GC invocations=8 (full 0):
 garbage-first heap   total 116736K, used 89859K [0x0000000704a00000, 0x0000000800000000)
  region size 2048K, 17 young (34816K), 2 survivors (4096K)
 Metaspace       used 34860K, committed 35200K, reserved 1114112K
  class space    used 4463K, committed 4608K, reserved 1048576K
}
Event: 37.538 GC heap after
{Heap after GC invocations=9 (full 0):
 garbage-first heap   total 116736K, used 66866K [0x0000000704a00000, 0x0000000800000000)
  region size 2048K, 3 young (6144K), 3 survivors (6144K)
 Metaspace       used 34860K, committed 35200K, reserved 1114112K
  class space    used 4463K, committed 4608K, reserved 1048576K
}

