# JRE version: OpenJDK Runtime Environment JBR-17.0.12+1-1087.25-nomod (17.0.12+1) (build 17.0.12+1-b1087.25)
# Java VM: OpenJDK 64-Bit Server VM JBR-17.0.12+1-1087.25-nomod (17.0.12+1-b1087.25, mixed mode, tiered, compressed oops, compressed class ptrs, g1 gc, windows-amd64)
GC Precious Log:
 CPUs: 12 total, 12 available
 Memory: 16085M
 Large Page Support: Disabled
 NUMA Support: Disabled
 Compressed Oops: Enabled (Zero based)
 Heap Region Size: 2M
 Heap Min Capacity: 8M
 Heap Initial Capacity: 252M
 Heap Max Capacity: 4022M
 Pre-touch: Disabled
 Parallel Workers: 10
 Concurrent Workers: 3
 Concurrent Refinement Workers: 10
 Periodic GC: Disabled
Heap:
 garbage-first heap   total 157696K, used 108441K [0x0000000704a00000, 0x0000000800000000)
  region size 2048K, 18 young (36864K), 1 survivors (2048K)
 Metaspace       used 36771K, committed 37056K, reserved 1114112K
  class space    used 4727K, committed 4864K, reserved 1048576K
GC Heap History (20 events):
Event: 0.866 GC heap before
{Heap before GC invocations=2 (full 0):
 garbage-first heap   total 258048K, used 33996K [0x0000000704a00000, 0x0000000800000000)
  region size 2048K, 5 young (10240K), 3 survivors (6144K)
 Metaspace       used 21253K, committed 21504K, reserved 1114112K
  class space    used 2551K, committed 2688K, reserved 1048576K
}
Event: 0.868 GC heap after
{Heap after GC invocations=3 (full 0):
 garbage-first heap   total 258048K, used 32926K [0x0000000704a00000, 0x0000000800000000)
  region size 2048K, 3 young (6144K), 3 survivors (6144K)
 Metaspace       used 21253K, committed 21504K, reserved 1114112K
  class space    used 2551K, committed 2688K, reserved 1048576K
}
Event: 5.703 GC heap before
{Heap before GC invocations=4 (full 0):
 garbage-first heap   total 122880K, used 92318K [0x0000000704a00000, 0x0000000800000000)
  region size 2048K, 31 young (63488K), 3 survivors (6144K)
 Metaspace       used 32564K, committed 32768K, reserved 1114112K
  class space    used 4242K, committed 4352K, reserved 1048576K
}
Event: 5.709 GC heap after
{Heap after GC invocations=5 (full 0):
 garbage-first heap   total 122880K, used 41903K [0x0000000704a00000, 0x0000000800000000)
  region size 2048K, 5 young (10240K), 5 survivors (10240K)
 Metaspace       used 32564K, committed 32768K, reserved 1114112K
  class space    used 4242K, committed 4352K, reserved 1048576K
}
Event: 5.953 GC heap before
{Heap before GC invocations=5 (full 0):
 garbage-first heap   total 122880K, used 43951K [0x0000000704a00000, 0x0000000800000000)
  region size 2048K, 6 young (12288K), 5 survivors (10240K)
 Metaspace       used 32576K, committed 32768K, reserved 1114112K
  class space    used 4242K, committed 4352K, reserved 1048576K
}
Event: 5.958 GC heap after
{Heap after GC invocations=6 (full 0):
 garbage-first heap   total 122880K, used 43518K [0x0000000704a00000, 0x0000000800000000)
  region size 2048K, 1 young (2048K), 1 survivors (2048K)
 Metaspace       used 32576K, committed 32768K, reserved 1114112K
  class space    used 4242K, committed 4352K, reserved 1048576K
}
Event: 46.627 GC heap before
{Heap before GC invocations=6 (full 0):
 garbage-first heap   total 122880K, used 88574K [0x0000000704a00000, 0x0000000800000000)
  region size 2048K, 19 young (38912K), 1 survivors (2048K)
 Metaspace       used 35772K, committed 36096K, reserved 1114112K
  class space    used 4691K, committed 4864K, reserved 1048576K
}
Event: 46.630 GC heap after
{Heap after GC invocations=7 (full 0):
 garbage-first heap   total 122880K, used 58042K [0x0000000704a00000, 0x0000000800000000)
  region size 2048K, 2 young (4096K), 2 survivors (4096K)
 Metaspace       used 35772K, committed 36096K, reserved 1114112K
  class space    used 4691K, committed 4864K, reserved 1048576K
}
Event: 46.648 GC heap before
{Heap before GC invocations=7 (full 0):
 garbage-first heap   total 122880K, used 68282K [0x0000000704a00000, 0x0000000800000000)
  region size 2048K, 3 young (6144K), 2 survivors (4096K)
 Metaspace       used 35811K, committed 36096K, reserved 1114112K
  class space    used 4691K, committed 4864K, reserved 1048576K
}
Event: 46.651 GC heap after
{Heap after GC invocations=8 (full 0):
 garbage-first heap   total 122880K, used 68705K [0x0000000704a00000, 0x0000000800000000)
  region size 2048K, 1 young (2048K), 1 survivors (2048K)
 Metaspace       used 35811K, committed 36096K, reserved 1114112K
  class space    used 4691K, committed 4864K, reserved 1048576K
}
Event: 47.704 GC heap before
{Heap before GC invocations=9 (full 0):
 garbage-first heap   total 122880K, used 97377K [0x0000000704a00000, 0x0000000800000000)
  region size 2048K, 15 young (30720K), 1 survivors (2048K)
 Metaspace       used 36200K, committed 36480K, reserved 1114112K
  class space    used 4706K, committed 4864K, reserved 1048576K
}
Event: 47.706 GC heap after
{Heap after GC invocations=10 (full 0):
 garbage-first heap   total 122880K, used 73247K [0x0000000704a00000, 0x0000000800000000)
  region size 2048K, 2 young (4096K), 2 survivors (4096K)
 Metaspace       used 36200K, committed 36480K, reserved 1114112K
  class space    used 4706K, committed 4864K, reserved 1048576K
}
Event: 48.226 GC heap before
{Heap before GC invocations=10 (full 0):
 garbage-first heap   total 122880K, used 75295K [0x0000000704a00000, 0x0000000800000000)
  region size 2048K, 3 young (6144K), 2 survivors (4096K)
 Metaspace       used 36217K, committed 36480K, reserved 1114112K
  class space    used 4706K, committed 4864K, reserved 1048576K
}
Event: 48.230 GC heap after
{Heap after GC invocations=11 (full 0):
 garbage-first heap   total 122880K, used 73571K [0x0000000704a00000, 0x0000000800000000)
  region size 2048K, 1 young (2048K), 1 survivors (2048K)
 Metaspace       used 36217K, committed 36480K, reserved 1114112K
  class space    used 4706K, committed 4864K, reserved 1048576K
}
Event: 72.283 GC heap before
{Heap before GC invocations=11 (full 0):
 garbage-first heap   total 122880K, used 98147K [0x0000000704a00000, 0x0000000800000000)
  region size 2048K, 13 young (26624K), 1 survivors (2048K)
 Metaspace       used 36355K, committed 36672K, reserved 1114112K
  class space    used 4709K, committed 4864K, reserved 1048576K
}
Event: 72.285 GC heap after
{Heap after GC invocations=12 (full 0):
 garbage-first heap   total 122880K, used 74629K [0x0000000704a00000, 0x0000000800000000)
  region size 2048K, 1 young (2048K), 1 survivors (2048K)
 Metaspace       used 36355K, committed 36672K, reserved 1114112K
  class space    used 4709K, committed 4864K, reserved 1048576K
}
Event: 80.230 GC heap before
{Heap before GC invocations=13 (full 0):
 garbage-first heap   total 131072K, used 99205K [0x0000000704a00000, 0x0000000800000000)
  region size 2048K, 13 young (26624K), 1 survivors (2048K)
 Metaspace       used 36653K, committed 36928K, reserved 1114112K
  class space    used 4722K, committed 4864K, reserved 1048576K
}
Event: 80.233 GC heap after
{Heap after GC invocations=14 (full 0):
 garbage-first heap   total 157696K, used 75892K [0x0000000704a00000, 0x0000000800000000)
  region size 2048K, 2 young (4096K), 2 survivors (4096K)
 Metaspace       used 36653K, committed 36928K, reserved 1114112K
  class space    used 4722K, committed 4864K, reserved 1048576K
}
Event: 80.273 GC heap before
{Heap before GC invocations=14 (full 0):
 garbage-first heap   total 157696K, used 77940K [0x0000000704a00000, 0x0000000800000000)
  region size 2048K, 3 young (6144K), 2 survivors (4096K)
 Metaspace       used 36654K, committed 36928K, reserved 1114112K
  class space    used 4722K, committed 4864K, reserved 1048576K
}
Event: 80.277 GC heap after
{Heap after GC invocations=15 (full 0):
 garbage-first heap   total 157696K, used 75673K [0x0000000704a00000, 0x0000000800000000)
  region size 2048K, 1 young (2048K), 1 survivors (2048K)
 Metaspace       used 36654K, committed 36928K, reserved 1114112K
  class space    used 4722K, committed 4864K, reserved 1048576K
}

