# JRE version: OpenJDK Runtime Environment JBR-17.0.12+1-1087.25-nomod (17.0.12+1) (build 17.0.12+1-b1087.25)
# Java VM: OpenJDK 64-Bit Server VM JBR-17.0.12+1-1087.25-nomod (17.0.12+1-b1087.25, mixed mode, tiered, compressed oops, compressed class ptrs, g1 gc, windows-amd64)
GC Precious Log:
 CPUs: 12 total, 12 available
 Memory: 16085M
 Large Page Support: Disabled
 NUMA Support: Disabled
 Compressed Oops: Enabled (Zero based)
 Heap Region Size: 2M
 Heap Min Capacity: 8M
 Heap Initial Capacity: 252M
 Heap Max Capacity: 4022M
 Pre-touch: Disabled
 Parallel Workers: 10
 Concurrent Workers: 3
 Concurrent Refinement Workers: 10
 Periodic GC: Disabled
Heap:
 garbage-first heap   total 131072K, used 90789K [0x0000000704a00000, 0x0000000800000000)
  region size 2048K, 11 young (22528K), 1 survivors (2048K)
 Metaspace       used 36310K, committed 36608K, reserved 1114112K
  class space    used 4707K, committed 4864K, reserved 1048576K
GC Heap History (20 events):
Event: 0.411 GC heap before
{Heap before GC invocations=0 (full 0):
 garbage-first heap   total 258048K, used 20480K [0x0000000704a00000, 0x0000000800000000)
  region size 2048K, 11 young (22528K), 0 survivors (0K)
 Metaspace       used 11825K, committed 11968K, reserved 1114112K
  class space    used 1215K, committed 1280K, reserved 1048576K
}
Event: 0.413 GC heap after
{Heap after GC invocations=1 (full 0):
 garbage-first heap   total 258048K, used 2954K [0x0000000704a00000, 0x0000000800000000)
  region size 2048K, 2 young (4096K), 2 survivors (4096K)
 Metaspace       used 11825K, committed 11968K, reserved 1114112K
  class space    used 1215K, committed 1280K, reserved 1048576K
}
Event: 0.841 GC heap before
{Heap before GC invocations=1 (full 0):
 garbage-first heap   total 258048K, used 62346K [0x0000000704a00000, 0x0000000800000000)
  region size 2048K, 20 young (40960K), 2 survivors (4096K)
 Metaspace       used 20688K, committed 20864K, reserved 1114112K
  class space    used 2497K, committed 2560K, reserved 1048576K
}
Event: 0.846 GC heap after
{Heap after GC invocations=2 (full 0):
 garbage-first heap   total 258048K, used 31515K [0x0000000704a00000, 0x0000000800000000)
  region size 2048K, 3 young (6144K), 3 survivors (6144K)
 Metaspace       used 20688K, committed 20864K, reserved 1114112K
  class space    used 2497K, committed 2560K, reserved 1048576K
}
Event: 0.872 GC heap before
{Heap before GC invocations=2 (full 0):
 garbage-first heap   total 258048K, used 31515K [0x0000000704a00000, 0x0000000800000000)
  region size 2048K, 5 young (10240K), 3 survivors (6144K)
 Metaspace       used 21272K, committed 21504K, reserved 1114112K
  class space    used 2552K, committed 2688K, reserved 1048576K
}
Event: 0.876 GC heap after
{Heap after GC invocations=3 (full 0):
 garbage-first heap   total 258048K, used 32985K [0x0000000704a00000, 0x0000000800000000)
  region size 2048K, 1 young (2048K), 1 survivors (2048K)
 Metaspace       used 21272K, committed 21504K, reserved 1114112K
  class space    used 2552K, committed 2688K, reserved 1048576K
}
Event: 2.346 GC heap before
{Heap before GC invocations=4 (full 0):
 garbage-first heap   total 122880K, used 94425K [0x0000000704a00000, 0x0000000800000000)
  region size 2048K, 30 young (61440K), 1 survivors (2048K)
 Metaspace       used 32695K, committed 32896K, reserved 1114112K
  class space    used 4242K, committed 4352K, reserved 1048576K
}
Event: 2.351 GC heap after
{Heap after GC invocations=5 (full 0):
 garbage-first heap   total 122880K, used 42162K [0x0000000704a00000, 0x0000000800000000)
  region size 2048K, 4 young (8192K), 4 survivors (8192K)
 Metaspace       used 32695K, committed 32896K, reserved 1114112K
  class space    used 4242K, committed 4352K, reserved 1048576K
}
Event: 2.584 GC heap before
{Heap before GC invocations=5 (full 0):
 garbage-first heap   total 122880K, used 44210K [0x0000000704a00000, 0x0000000800000000)
  region size 2048K, 5 young (10240K), 4 survivors (8192K)
 Metaspace       used 32734K, committed 33024K, reserved 1114112K
  class space    used 4242K, committed 4352K, reserved 1048576K
}
Event: 2.588 GC heap after
{Heap after GC invocations=6 (full 0):
 garbage-first heap   total 122880K, used 43080K [0x0000000704a00000, 0x0000000800000000)
  region size 2048K, 1 young (2048K), 1 survivors (2048K)
 Metaspace       used 32734K, committed 33024K, reserved 1114112K
  class space    used 4242K, committed 4352K, reserved 1048576K
}
Event: 24.232 GC heap before
{Heap before GC invocations=6 (full 0):
 garbage-first heap   total 122880K, used 88136K [0x0000000704a00000, 0x0000000800000000)
  region size 2048K, 22 young (45056K), 1 survivors (2048K)
 Metaspace       used 35516K, committed 35712K, reserved 1114112K
  class space    used 4663K, committed 4736K, reserved 1048576K
}
Event: 24.234 GC heap after
{Heap after GC invocations=7 (full 0):
 garbage-first heap   total 122880K, used 47309K [0x0000000704a00000, 0x0000000800000000)
  region size 2048K, 2 young (4096K), 2 survivors (4096K)
 Metaspace       used 35516K, committed 35712K, reserved 1114112K
  class space    used 4663K, committed 4736K, reserved 1048576K
}
Event: 29.109 GC heap before
{Heap before GC invocations=7 (full 0):
 garbage-first heap   total 122880K, used 61645K [0x0000000704a00000, 0x0000000800000000)
  region size 2048K, 5 young (10240K), 2 survivors (4096K)
 Metaspace       used 35862K, committed 36160K, reserved 1114112K
  class space    used 4687K, committed 4864K, reserved 1048576K
}
Event: 29.111 GC heap after
{Heap after GC invocations=8 (full 0):
 garbage-first heap   total 122880K, used 57806K [0x0000000704a00000, 0x0000000800000000)
  region size 2048K, 1 young (2048K), 1 survivors (2048K)
 Metaspace       used 35862K, committed 36160K, reserved 1114112K
  class space    used 4687K, committed 4864K, reserved 1048576K
}
Event: 33.587 GC heap before
{Heap before GC invocations=9 (full 0):
 garbage-first heap   total 122880K, used 104910K [0x0000000704a00000, 0x0000000800000000)
  region size 2048K, 19 young (38912K), 1 survivors (2048K)
 Metaspace       used 36223K, committed 36544K, reserved 1114112K
  class space    used 4701K, committed 4864K, reserved 1048576K
}
Event: 33.591 GC heap after
{Heap after GC invocations=10 (full 0):
 garbage-first heap   total 122880K, used 72631K [0x0000000704a00000, 0x0000000800000000)
  region size 2048K, 3 young (6144K), 3 survivors (6144K)
 Metaspace       used 36223K, committed 36544K, reserved 1114112K
  class space    used 4701K, committed 4864K, reserved 1048576K
}
Event: 33.838 GC heap before
{Heap before GC invocations=10 (full 0):
 garbage-first heap   total 122880K, used 74679K [0x0000000704a00000, 0x0000000800000000)
  region size 2048K, 4 young (8192K), 3 survivors (6144K)
 Metaspace       used 36223K, committed 36544K, reserved 1114112K
  class space    used 4701K, committed 4864K, reserved 1048576K
}
Event: 33.841 GC heap after
{Heap after GC invocations=11 (full 0):
 garbage-first heap   total 122880K, used 72713K [0x0000000704a00000, 0x0000000800000000)
  region size 2048K, 1 young (2048K), 1 survivors (2048K)
 Metaspace       used 36223K, committed 36544K, reserved 1114112K
  class space    used 4701K, committed 4864K, reserved 1048576K
}
Event: 71.642 GC heap before
{Heap before GC invocations=11 (full 0):
 garbage-first heap   total 122880K, used 97289K [0x0000000704a00000, 0x0000000800000000)
  region size 2048K, 13 young (26624K), 1 survivors (2048K)
 Metaspace       used 36293K, committed 36608K, reserved 1114112K
  class space    used 4703K, committed 4864K, reserved 1048576K
}
Event: 71.643 GC heap after
{Heap after GC invocations=12 (full 0):
 garbage-first heap   total 122880K, used 72357K [0x0000000704a00000, 0x0000000800000000)
  region size 2048K, 1 young (2048K), 1 survivors (2048K)
 Metaspace       used 36293K, committed 36608K, reserved 1114112K
  class space    used 4703K, committed 4864K, reserved 1048576K
}

