# JRE version: OpenJDK Runtime Environment JBR-17.0.12+1-1087.25-nomod (17.0.12+1) (build 17.0.12+1-b1087.25)
# Java VM: OpenJDK 64-Bit Server VM JBR-17.0.12+1-1087.25-nomod (17.0.12+1-b1087.25, mixed mode, tiered, compressed oops, compressed class ptrs, g1 gc, windows-amd64)
GC Precious Log:
 CPUs: 12 total, 12 available
 Memory: 16085M
 Large Page Support: Disabled
 NUMA Support: Disabled
 Compressed Oops: Enabled (Zero based)
 Heap Region Size: 2M
 Heap Min Capacity: 8M
 Heap Initial Capacity: 252M
 Heap Max Capacity: 4022M
 Pre-touch: Disabled
 Parallel Workers: 10
 Concurrent Workers: 3
 Concurrent Refinement Workers: 10
 Periodic GC: Disabled
Heap:
 garbage-first heap   total 167936K, used 88977K [0x0000000704a00000, 0x0000000800000000)
  region size 2048K, 9 young (18432K), 2 survivors (4096K)
 Metaspace       used 36578K, committed 36864K, reserved 1114112K
  class space    used 4717K, committed 4864K, reserved 1048576K
GC Heap History (20 events):
Event: 0.879 GC heap before
{Heap before GC invocations=2 (full 0):
 garbage-first heap   total 258048K, used 33588K [0x0000000704a00000, 0x0000000800000000)
  region size 2048K, 5 young (10240K), 3 survivors (6144K)
 Metaspace       used 21302K, committed 21504K, reserved 1114112K
  class space    used 2575K, committed 2688K, reserved 1048576K
}
Event: 0.882 GC heap after
{Heap after GC invocations=3 (full 0):
 garbage-first heap   total 258048K, used 32659K [0x0000000704a00000, 0x0000000800000000)
  region size 2048K, 1 young (2048K), 1 survivors (2048K)
 Metaspace       used 21302K, committed 21504K, reserved 1114112K
  class space    used 2575K, committed 2688K, reserved 1048576K
}
Event: 5.702 GC heap before
{Heap before GC invocations=4 (full 0):
 garbage-first heap   total 122880K, used 96147K [0x0000000704a00000, 0x0000000800000000)
  region size 2048K, 31 young (63488K), 1 survivors (2048K)
 Metaspace       used 33406K, committed 33664K, reserved 1114112K
  class space    used 4432K, committed 4608K, reserved 1048576K
}
Event: 5.707 GC heap after
{Heap after GC invocations=5 (full 0):
 garbage-first heap   total 122880K, used 41950K [0x0000000704a00000, 0x0000000800000000)
  region size 2048K, 4 young (8192K), 4 survivors (8192K)
 Metaspace       used 33406K, committed 33664K, reserved 1114112K
  class space    used 4432K, committed 4608K, reserved 1048576K
}
Event: 5.981 GC heap before
{Heap before GC invocations=5 (full 0):
 garbage-first heap   total 122880K, used 43998K [0x0000000704a00000, 0x0000000800000000)
  region size 2048K, 5 young (10240K), 4 survivors (8192K)
 Metaspace       used 33419K, committed 33664K, reserved 1114112K
  class space    used 4432K, committed 4608K, reserved 1048576K
}
Event: 5.986 GC heap after
{Heap after GC invocations=6 (full 0):
 garbage-first heap   total 122880K, used 42711K [0x0000000704a00000, 0x0000000800000000)
  region size 2048K, 1 young (2048K), 1 survivors (2048K)
 Metaspace       used 33419K, committed 33664K, reserved 1114112K
  class space    used 4432K, committed 4608K, reserved 1048576K
}
Event: 37.127 GC heap before
{Heap before GC invocations=6 (full 0):
 garbage-first heap   total 122880K, used 87767K [0x0000000704a00000, 0x0000000800000000)
  region size 2048K, 23 young (47104K), 1 survivors (2048K)
 Metaspace       used 34321K, committed 34560K, reserved 1114112K
  class space    used 4450K, committed 4608K, reserved 1048576K
}
Event: 37.129 GC heap after
{Heap after GC invocations=7 (full 0):
 garbage-first heap   total 122880K, used 43864K [0x0000000704a00000, 0x0000000800000000)
  region size 2048K, 2 young (4096K), 2 survivors (4096K)
 Metaspace       used 34321K, committed 34560K, reserved 1114112K
  class space    used 4450K, committed 4608K, reserved 1048576K
}
Event: 54.572 GC heap before
{Heap before GC invocations=7 (full 0):
 garbage-first heap   total 122880K, used 88920K [0x0000000704a00000, 0x0000000800000000)
  region size 2048K, 24 young (49152K), 2 survivors (4096K)
 Metaspace       used 35717K, committed 35968K, reserved 1114112K
  class space    used 4667K, committed 4800K, reserved 1048576K
}
Event: 54.575 GC heap after
{Heap after GC invocations=8 (full 0):
 garbage-first heap   total 122880K, used 48166K [0x0000000704a00000, 0x0000000800000000)
  region size 2048K, 3 young (6144K), 3 survivors (6144K)
 Metaspace       used 35717K, committed 35968K, reserved 1114112K
  class space    used 4667K, committed 4800K, reserved 1048576K
}
Event: 57.928 GC heap before
{Heap before GC invocations=9 (full 0):
 garbage-first heap   total 122880K, used 58406K [0x0000000704a00000, 0x0000000800000000)
  region size 2048K, 5 young (10240K), 3 survivors (6144K)
 Metaspace       used 36168K, committed 36416K, reserved 1114112K
  class space    used 4696K, committed 4800K, reserved 1048576K
}
Event: 57.931 GC heap after
{Heap after GC invocations=10 (full 0):
 garbage-first heap   total 122880K, used 56872K [0x0000000704a00000, 0x0000000800000000)
  region size 2048K, 1 young (2048K), 1 survivors (2048K)
 Metaspace       used 36168K, committed 36416K, reserved 1114112K
  class space    used 4696K, committed 4800K, reserved 1048576K
}
Event: 57.959 GC heap before
{Heap before GC invocations=11 (full 0):
 garbage-first heap   total 122880K, used 67112K [0x0000000704a00000, 0x0000000800000000)
  region size 2048K, 2 young (4096K), 1 survivors (2048K)
 Metaspace       used 36182K, committed 36416K, reserved 1114112K
  class space    used 4696K, committed 4800K, reserved 1048576K
}
Event: 57.961 GC heap after
{Heap after GC invocations=12 (full 0):
 garbage-first heap   total 122880K, used 66797K [0x0000000704a00000, 0x0000000800000000)
  region size 2048K, 1 young (2048K), 1 survivors (2048K)
 Metaspace       used 36182K, committed 36416K, reserved 1114112K
  class space    used 4696K, committed 4800K, reserved 1048576K
}
Event: 60.104 GC heap before
{Heap before GC invocations=13 (full 0):
 garbage-first heap   total 122880K, used 99565K [0x0000000704a00000, 0x0000000800000000)
  region size 2048K, 16 young (32768K), 1 survivors (2048K)
 Metaspace       used 36438K, committed 36736K, reserved 1114112K
  class space    used 4706K, committed 4864K, reserved 1048576K
}
Event: 60.108 GC heap after
{Heap after GC invocations=14 (full 0):
 garbage-first heap   total 122880K, used 73976K [0x0000000704a00000, 0x0000000800000000)
  region size 2048K, 2 young (4096K), 2 survivors (4096K)
 Metaspace       used 36438K, committed 36736K, reserved 1114112K
  class space    used 4706K, committed 4864K, reserved 1048576K
}
Event: 74.628 GC heap before
{Heap before GC invocations=14 (full 0):
 garbage-first heap   total 122880K, used 98552K [0x0000000704a00000, 0x0000000800000000)
  region size 2048K, 14 young (28672K), 2 survivors (4096K)
 Metaspace       used 36461K, committed 36736K, reserved 1114112K
  class space    used 4706K, committed 4864K, reserved 1048576K
}
Event: 74.632 GC heap after
{Heap after GC invocations=15 (full 0):
 garbage-first heap   total 122880K, used 76025K [0x0000000704a00000, 0x0000000800000000)
  region size 2048K, 1 young (2048K), 1 survivors (2048K)
 Metaspace       used 36461K, committed 36736K, reserved 1114112K
  class space    used 4706K, committed 4864K, reserved 1048576K
}
Event: 85.572 GC heap before
{Heap before GC invocations=16 (full 0):
 garbage-first heap   total 133120K, used 98553K [0x0000000704a00000, 0x0000000800000000)
  region size 2048K, 12 young (24576K), 1 survivors (2048K)
 Metaspace       used 36549K, committed 36864K, reserved 1114112K
  class space    used 4713K, committed 4864K, reserved 1048576K
}
Event: 85.575 GC heap after
{Heap after GC invocations=17 (full 0):
 garbage-first heap   total 167936K, used 76689K [0x0000000704a00000, 0x0000000800000000)
  region size 2048K, 2 young (4096K), 2 survivors (4096K)
 Metaspace       used 36549K, committed 36864K, reserved 1114112K
  class space    used 4713K, committed 4864K, reserved 1048576K
}

